<?xml version="1.0" encoding="UTF-8"?>
<!-- Generated by org.testng.reporters.JUnitXMLReporter -->
<testsuite hostname="DESKTOP-0QOI7MR" ignored="0" name="Default test" tests="6" failures="0" timestamp="24 ماي 2020 00:09:07 GMT" time="11.826" errors="0">
  <testcase name="SeleniumSearch" time="2.142" classname="Tests.TestCases"/>
  <testcase name="resultCheck" time="0.049" classname="Tests.TestCases"/>
  <testcase name="NavigateToHero" time="2.55" classname="Tests.TestCases"/>
  <testcase name="TestFileUpload" time="0.609" classname="Tests.TestCases"/>
  <testcase name="NavigateBack" time="0.367" classname="Tests.TestCases"/>
  <testcase name="TestDynamicLoading" time="6.052" classname="Tests.TestCases"/>
</testsuite> <!-- Default test -->
